c:\users\johnson\documents\vısual studıo 2015\projects\220201029_hw1\hw1_parent\debug\vc140.pdb
c:\users\johnson\documents\vısual studıo 2015\projects\220201029_hw1\hw1_parent\debug\vc140.ıdb
c:\users\johnson\documents\vısual studıo 2015\projects\220201029_hw1\hw1_parent\debug\vc120.pdb
c:\users\johnson\documents\vısual studıo 2015\projects\220201029_hw1\hw1_parent\debug\vc120.ıdb
c:\users\johnson\documents\vısual studıo 2015\projects\220201029_hw1\hw1_parent\debug\parent.obj
c:\users\johnson\documents\vısual studıo 2015\projects\220201029_hw1\debug\hw1_parent.ılk
c:\users\johnson\documents\vısual studıo 2015\projects\220201029_hw1\debug\hw1_parent.exe
c:\users\johnson\documents\visual studio 2015\projects\220201029_hw1\hw1_parent\debug\parent.obj
c:\users\johnson\documents\visual studio 2015\projects\220201029_hw1\hw1_parent\debug\vc120.idb
c:\users\johnson\documents\visual studio 2015\projects\220201029_hw1\hw1_parent\debug\vc140.idb
c:\users\johnson\documents\visual studio 2015\projects\220201029_hw1\hw1_parent\debug\vc120.pdb
c:\users\johnson\documents\visual studio 2015\projects\220201029_hw1\hw1_parent\debug\vc140.pdb
c:\users\johnson\documents\visual studio 2015\projects\220201029_hw1\debug\hw1_parent.exe
c:\users\johnson\documents\visual studio 2015\projects\220201029_hw1\debug\hw1_parent.ilk
c:\users\johnson\documents\visual studio 2015\projects\220201029_hw1\hw1_parent\debug\hw1_parent.tlog\cl.command.1.tlog
c:\users\johnson\documents\visual studio 2015\projects\220201029_hw1\hw1_parent\debug\hw1_parent.tlog\cl.read.1.tlog
c:\users\johnson\documents\visual studio 2015\projects\220201029_hw1\hw1_parent\debug\hw1_parent.tlog\cl.write.1.tlog
c:\users\johnson\documents\visual studio 2015\projects\220201029_hw1\hw1_parent\debug\hw1_parent.tlog\link.command.1.tlog
c:\users\johnson\documents\visual studio 2015\projects\220201029_hw1\hw1_parent\debug\hw1_parent.tlog\link.read.1.tlog
c:\users\johnson\documents\visual studio 2015\projects\220201029_hw1\hw1_parent\debug\hw1_parent.tlog\link.write.1.tlog
