c:\users\johnson\documents\vısual studıo 2015\projects\220201029_hw1\hw1_chıld\debug\vc140.pdb
c:\users\johnson\documents\vısual studıo 2015\projects\220201029_hw1\hw1_chıld\debug\vc140.ıdb
c:\users\johnson\documents\vısual studıo 2015\projects\220201029_hw1\hw1_chıld\debug\vc120.pdb
c:\users\johnson\documents\vısual studıo 2015\projects\220201029_hw1\hw1_chıld\debug\vc120.ıdb
c:\users\johnson\documents\vısual studıo 2015\projects\220201029_hw1\hw1_chıld\debug\chıld.obj
c:\users\johnson\documents\vısual studıo 2015\projects\220201029_hw1\debug\hw1_chıld.ılk
c:\users\johnson\documents\vısual studıo 2015\projects\220201029_hw1\debug\hw1_chıld.exe
c:\users\johnson\documents\visual studio 2015\projects\220201029_hw1\hw1_chıld\debug\child.obj
c:\users\johnson\documents\visual studio 2015\projects\220201029_hw1\hw1_chıld\debug\vc120.idb
c:\users\johnson\documents\visual studio 2015\projects\220201029_hw1\hw1_chıld\debug\vc140.idb
c:\users\johnson\documents\visual studio 2015\projects\220201029_hw1\hw1_chıld\debug\vc120.pdb
c:\users\johnson\documents\visual studio 2015\projects\220201029_hw1\hw1_chıld\debug\vc140.pdb
c:\users\johnson\documents\visual studio 2015\projects\220201029_hw1\debug\hw1_chıld.exe
c:\users\johnson\documents\visual studio 2015\projects\220201029_hw1\debug\hw1_chıld.ilk
c:\users\johnson\documents\visual studio 2015\projects\220201029_hw1\hw1_chıld\debug\hw1_chıld.tlog\cl.command.1.tlog
c:\users\johnson\documents\visual studio 2015\projects\220201029_hw1\hw1_chıld\debug\hw1_chıld.tlog\cl.read.1.tlog
c:\users\johnson\documents\visual studio 2015\projects\220201029_hw1\hw1_chıld\debug\hw1_chıld.tlog\cl.write.1.tlog
c:\users\johnson\documents\visual studio 2015\projects\220201029_hw1\hw1_chıld\debug\hw1_chıld.tlog\link.command.1.tlog
c:\users\johnson\documents\visual studio 2015\projects\220201029_hw1\hw1_chıld\debug\hw1_chıld.tlog\link.read.1.tlog
c:\users\johnson\documents\visual studio 2015\projects\220201029_hw1\hw1_chıld\debug\hw1_chıld.tlog\link.write.1.tlog
